Determining if the pthread_create exist failed with the following output:
Change Dir: /media/shreyas/DATA/AGV/Code/ws_dwa/build/CMakeFiles/CMakeTmp

Run Build Command:"/usr/bin/make" "cmTC_4805f/fast"
/usr/bin/make -f CMakeFiles/cmTC_4805f.dir/build.make CMakeFiles/cmTC_4805f.dir/build
make[1]: Entering directory '/media/shreyas/DATA/AGV/Code/ws_dwa/build/CMakeFiles/CMakeTmp'
Building C object CMakeFiles/cmTC_4805f.dir/CheckSymbolExists.c.o
/usr/bin/cc     -o CMakeFiles/cmTC_4805f.dir/CheckSymbolExists.c.o   -c /media/shreyas/DATA/AGV/Code/ws_dwa/build/CMakeFiles/CMakeTmp/CheckSymbolExists.c
Linking C executable cmTC_4805f
/usr/bin/cmake -E cmake_link_script CMakeFiles/cmTC_4805f.dir/link.txt --verbose=1
/usr/bin/cc       CMakeFiles/cmTC_4805f.dir/CheckSymbolExists.c.o  -o cmTC_4805f -rdynamic 
CMakeFiles/cmTC_4805f.dir/CheckSymbolExists.c.o: In function `main':
CheckSymbolExists.c:(.text+0x16): undefined reference to `pthread_create'
collect2: error: ld returned 1 exit status
CMakeFiles/cmTC_4805f.dir/build.make:97: recipe for target 'cmTC_4805f' failed
make[1]: *** [cmTC_4805f] Error 1
make[1]: Leaving directory '/media/shreyas/DATA/AGV/Code/ws_dwa/build/CMakeFiles/CMakeTmp'
Makefile:126: recipe for target 'cmTC_4805f/fast' failed
make: *** [cmTC_4805f/fast] Error 2

File /media/shreyas/DATA/AGV/Code/ws_dwa/build/CMakeFiles/CMakeTmp/CheckSymbolExists.c:
/* */
#include <pthread.h>

int main(int argc, char** argv)
{
  (void)argv;
#ifndef pthread_create
  return ((int*)(&pthread_create))[argc];
#else
  (void)argc;
  return 0;
#endif
}

Determining if the function pthread_create exists in the pthreads failed with the following output:
Change Dir: /media/shreyas/DATA/AGV/Code/ws_dwa/build/CMakeFiles/CMakeTmp

Run Build Command:"/usr/bin/make" "cmTC_012f7/fast"
/usr/bin/make -f CMakeFiles/cmTC_012f7.dir/build.make CMakeFiles/cmTC_012f7.dir/build
make[1]: Entering directory '/media/shreyas/DATA/AGV/Code/ws_dwa/build/CMakeFiles/CMakeTmp'
Building C object CMakeFiles/cmTC_012f7.dir/CheckFunctionExists.c.o
/usr/bin/cc    -DCHECK_FUNCTION_EXISTS=pthread_create   -o CMakeFiles/cmTC_012f7.dir/CheckFunctionExists.c.o   -c /usr/share/cmake-3.5/Modules/CheckFunctionExists.c
Linking C executable cmTC_012f7
/usr/bin/cmake -E cmake_link_script CMakeFiles/cmTC_012f7.dir/link.txt --verbose=1
/usr/bin/cc   -DCHECK_FUNCTION_EXISTS=pthread_create    CMakeFiles/cmTC_012f7.dir/CheckFunctionExists.c.o  -o cmTC_012f7 -rdynamic -lpthreads 
/usr/bin/ld: cannot find -lpthreads
collect2: error: ld returned 1 exit status
CMakeFiles/cmTC_012f7.dir/build.make:97: recipe for target 'cmTC_012f7' failed
make[1]: *** [cmTC_012f7] Error 1
make[1]: Leaving directory '/media/shreyas/DATA/AGV/Code/ws_dwa/build/CMakeFiles/CMakeTmp'
Makefile:126: recipe for target 'cmTC_012f7/fast' failed
make: *** [cmTC_012f7/fast] Error 2


